<?xml version="1.0" encoding="UTF-8"?>
<!-- Generated by org.testng.reporters.JUnitXMLReporter -->
<testsuite hostname="SURESHGOPI" name="Default test" tests="4" failures="0" timestamp="13 Aug 2021 08:39:38 GMT" time="0.292" errors="0">
  <testcase name="tc1" time="0.056" classname="org.sample.Sample"/>
  <testcase name="tc2" time="0.009" classname="org.sample.Sample"/>
  <testcase name="tc3" time="0.004" classname="org.sample.Sample"/>
  <testcase name="tc4" time="0.005" classname="org.sample.Sample"/>
</testsuite> <!-- Default test -->
