<?xml version="1.0" encoding="UTF-8"?>
<testng-results skipped="0" failed="0" total="4" passed="4">
  <reporter-output>
  </reporter-output>
  <suite name="Default suite" duration-ms="292" started-at="2021-08-13T08:39:37Z" finished-at="2021-08-13T08:39:37Z">
    <groups>
    </groups>
    <test name="Default test" duration-ms="292" started-at="2021-08-13T08:39:37Z" finished-at="2021-08-13T08:39:37Z">
      <class name="org.sample.Sample">
        <test-method status="PASS" signature="tc1()[pri:0, instance:org.sample.Sample@59fa1d9b]" name="tc1" duration-ms="56" started-at="2021-08-13T14:09:37Z" finished-at="2021-08-13T14:09:37Z">
          <reporter-output>
          </reporter-output>
        </test-method> <!-- tc1 -->
        <test-method status="PASS" signature="tc2()[pri:0, instance:org.sample.Sample@59fa1d9b]" name="tc2" duration-ms="9" started-at="2021-08-13T14:09:37Z" finished-at="2021-08-13T14:09:37Z">
          <reporter-output>
          </reporter-output>
        </test-method> <!-- tc2 -->
        <test-method status="PASS" signature="tc3()[pri:0, instance:org.sample.Sample@59fa1d9b]" name="tc3" duration-ms="4" started-at="2021-08-13T14:09:37Z" finished-at="2021-08-13T14:09:37Z">
          <reporter-output>
          </reporter-output>
        </test-method> <!-- tc3 -->
        <test-method status="PASS" signature="tc4()[pri:0, instance:org.sample.Sample@59fa1d9b]" name="tc4" duration-ms="5" started-at="2021-08-13T14:09:37Z" finished-at="2021-08-13T14:09:37Z">
          <reporter-output>
          </reporter-output>
        </test-method> <!-- tc4 -->
      </class> <!-- org.sample.Sample -->
    </test> <!-- Default test -->
  </suite> <!-- Default suite -->
</testng-results>
